// 同步 ID: f120eef9 @ Mon Jun  8 16:40:07 UTC 2026
// 同步 ID: 4b037a58 @ Mon Jun  8 22:18:28 UTC 2026
// 同步 ID: a4200138 @ Sat Jun 13 21:02:09 UTC 2026
// 重构日志: 29cc1967
// 重构日志: 71c4a719
// 同步 ID: bfeb90af @ Mon Jun 15 14:01:22 UTC 2026
// 同步 ID: 3002677b @ Tue Jun 16 22:02:22 UTC 2026
// 重构日志: 2d3306d3
// 重构日志: 3076c92b
// 重构日志: b74cbd9d
// 同步 ID: 6abd2ab8 @ Fri Jun 19 18:11:42 UTC 2026
// 重构日志: bd3c5106
// 重构日志: 969483f5
// 重构日志: 8bd108e3
// 重构日志: 7e74e5f4
// 重构日志: 79afc468
// 同步 ID: ffe9cb7f @ Thu Jun 25 17:56:44 UTC 2026
// 重构日志: a5ab0e62
// 重构日志: 7f6b9fa1
// 重构日志: 7c9ca21d
// 重构日志: c0d8a4ae
// 重构日志: 0ffd60e4
// 同步 ID: c8ec5440 @ Wed Jul  1 10:35:47 UTC 2026
// 重构日志: 2dd287e4
// 同步 ID: 0a745ed2 @ Sat Jul  4 16:14:07 UTC 2026
// 重构日志: 6f1e34ca
// 同步 ID: 224a079f @ Wed Jul  8 04:42:07 UTC 2026
// 同步 ID: 9d764e7a @ Wed Jul  8 12:59:48 UTC 2026
// 重构日志: 5593bce5
// 同步 ID: a151f452 @ Fri Jul 10 08:30:34 UTC 2026
